Compset longname is 1850_SATM_ELM%CNRDCTCBC_SICE_SOCN_MOSART_SGLC_SWAV
Compset specification file is /autofs/nccsopen-svm1_home/ywo/models/E3SM_ERW/components/elm/cime_config/config_compsets.xml
Automatically adding SIAC to compset
Automatically adding SESP to compset
Compset forcing is 
Com forcing is pre-industrial:
ATM component is Stub atm component
LND component is ELM with :CN :C-N, nutrient competition via relative demand, ctc soil cascade with black carbon deposition :
ICE component is Stub ice component
OCN component is Stub ocn component
ROF component is MOSART:
GLC component is Stub glacier (land ice) component
WAV component is Stub wave component
IAC component is Stub iac component
ESP component is Stub external system processing (ESP) component
Pes     specification file is /autofs/nccsopen-svm1_home/ywo/models/E3SM_ERW/components/elm/cime_config/config_pes.xml
Machine is cades-baseline
Pes setting: grid match    is l%1.9x2.5|l%0.9x1.25|l%360x720cru 
Pes setting: grid          is a%null_l%360x720cru_oi%null_r%r05_g%null_w%null_z%null_m%360x720cru 
Pes setting: compset       is 1850_SATM_ELM%CNRDCTCBC_SICE_SOCN_MOSART_SGLC_SWAV_SIAC_SESP 
Pes setting: tasks       is {'NTASKS_ATM': 64, 'NTASKS_LND': 64, 'NTASKS_ROF': 64, 'NTASKS_ICE': 64, 'NTASKS_OCN': 64, 'NTASKS_GLC': 64, 'NTASKS_WAV': 64, 'NTASKS_CPL': 64} 
Pes setting: threads     is {} 
Pes setting: rootpe      is {} 
Pes setting: pstrid      is {} 
Pes other settings: {}
Pes comments: none
setting additional fields from config_pes: {}
 Compset is: 1850_SATM_ELM%CNRDCTCBC_SICE_SOCN_MOSART_SGLC_SWAV_SIAC_SESP 
 Grid is: a%null_l%360x720cru_oi%null_r%r05_g%null_w%null_z%null_m%360x720cru 
 Components in compset are: ['satm', 'elm', 'sice', 'socn', 'mosart', 'sglc', 'swav', 'siac', 'sesp'] 
No charge_account info available, using value from PROJECT
e3sm model version found: d3f0a4c442
Batch_system_type is slurm
job is case.run USER_REQUESTED_WALLTIME 24:0:00 USER_REQUESTED_QUEUE None WALLTIME_FORMAT %H:%M:%S
job is case.post_run_io USER_REQUESTED_WALLTIME None USER_REQUESTED_QUEUE None WALLTIME_FORMAT %H:%M:%S
job is case.st_archive USER_REQUESTED_WALLTIME None USER_REQUESTED_QUEUE None WALLTIME_FORMAT %H:%M:%S
 Creating Case directory /gpfs/wolf2/cades/cli185/proj-shared/ywo/E3SM/case_dirs/20241010_conus_ICB1850CNRDCTCBC_ad_spinup_erw
